<?xml version="1.0" encoding="UTF-8"?>
<!-- Generated by org.testng.reporters.JUnitXMLReporter -->
<testsuite ignored="8" hostname="LAPTOP-GB0R114P" failures="0" tests="6" name="Test" time="36.946" errors="0" timestamp="2024-02-12T12:47:39 IST">
  <testcase classname="TestScript.LoginTest" name="login" time="2.32"/>
  <testcase classname="TestScript.DigitalDownloadTest" name="login" time="2.849"/>
  <testcase classname="TestScript.DigitalDownloadTest" name="digitalDownload" time="3.227"/>
  <testcase classname="TestScript.ShoppingCartTest" name="login" time="1.877"/>
  <testcase classname="TestScript.ShoppingCartTest" name="shoppingcart" time="2.98"/>
  <testcase classname="TestScript.ShoppingCartTest" name="checkout" time="3.132"/>
  <testcase classname="GenericUtility.BaseClass" name="@BeforeSuite connectToServer" time="0.0">
    <ignored/>
  </testcase> <!-- @BeforeSuite connectToServer -->
  <testcase classname="GenericUtility.BaseClass" name="@AfterTest disconnectToDatabase" time="0.0">
    <ignored/>
  </testcase> <!-- @AfterTest disconnectToDatabase -->
  <testcase classname="GenericUtility.BaseClass" name="@BeforeTest connectToDatabase" time="0.0">
    <ignored/>
  </testcase> <!-- @BeforeTest connectToDatabase -->
  <testcase classname="GenericUtility.BaseClass" name="@AfterSuite disconnectToServer" time="0.0">
    <ignored/>
  </testcase> <!-- @AfterSuite disconnectToServer -->
  <testcase classname="GenericUtility.BaseClass" name="@BeforeSuite connectToServer" time="0.0">
    <ignored/>
  </testcase> <!-- @BeforeSuite connectToServer -->
  <testcase classname="GenericUtility.BaseClass" name="@AfterSuite disconnectToServer" time="0.0">
    <ignored/>
  </testcase> <!-- @AfterSuite disconnectToServer -->
  <testcase classname="GenericUtility.BaseClass" name="@AfterTest disconnectToDatabase" time="0.0">
    <ignored/>
  </testcase> <!-- @AfterTest disconnectToDatabase -->
  <testcase classname="GenericUtility.BaseClass" name="@BeforeTest connectToDatabase" time="0.0">
    <ignored/>
  </testcase> <!-- @BeforeTest connectToDatabase -->
</testsuite> <!-- Test -->
