<?xml version="1.0" encoding="UTF-8"?>
<testng-results ignored="0" total="1" passed="1" failed="0" skipped="0">
  <reporter-output>
    <line>
      <![CDATA[Connection to the Server]]>
    </line>
    <line>
      <![CDATA[Connection to the Database]]>
    </line>
    <line>
      <![CDATA[Open the Browser]]>
    </line>
    <line>
      <![CDATA[Close the Browser]]>
    </line>
    <line>
      <![CDATA[Disconnect the Database]]>
    </line>
    <line>
      <![CDATA[Disconnect the Server]]>
    </line>
  </reporter-output>
  <suite started-at="2024-02-12T15:40:36 IST" name="Default suite" finished-at="2024-02-12T15:40:42 IST" duration-ms="6421">
    <groups>
    </groups>
    <test started-at="2024-02-12T15:40:36 IST" name="Default test" finished-at="2024-02-12T15:40:42 IST" duration-ms="6421">
      <class name="TestScript.Sample4Test">
        <test-method is-config="true" signature="connectToServer()[pri:0, instance:TestScript.Sample4Test@7f485fda]" started-at="2024-02-12T15:40:36 IST" name="connectToServer" finished-at="2024-02-12T15:40:36 IST" duration-ms="11" status="PASS">
          <reporter-output>
            <line>
              <![CDATA[Connection to the Server]]>
            </line>
          </reporter-output>
        </test-method> <!-- connectToServer -->
        <test-method is-config="true" signature="connectToDatabase()[pri:0, instance:TestScript.Sample4Test@7f485fda]" started-at="2024-02-12T15:40:36 IST" name="connectToDatabase" finished-at="2024-02-12T15:40:36 IST" duration-ms="1" status="PASS">
          <reporter-output>
            <line>
              <![CDATA[Connection to the Database]]>
            </line>
          </reporter-output>
        </test-method> <!-- connectToDatabase -->
        <test-method is-config="true" signature="openBrowser()[pri:0, instance:TestScript.Sample4Test@7f485fda]" started-at="2024-02-12T15:40:36 IST" name="openBrowser" finished-at="2024-02-12T15:40:42 IST" duration-ms="6217" status="PASS">
          <reporter-output>
            <line>
              <![CDATA[Open the Browser]]>
            </line>
          </reporter-output>
        </test-method> <!-- openBrowser -->
        <test-method signature="testCase()[pri:0, instance:TestScript.Sample4Test@7f485fda]" started-at="2024-02-12T15:40:42 IST" name="testCase" finished-at="2024-02-12T15:40:42 IST" duration-ms="6" status="PASS">
          <reporter-output>
          </reporter-output>
        </test-method> <!-- testCase -->
        <test-method is-config="true" signature="closeBrowser()[pri:0, instance:TestScript.Sample4Test@7f485fda]" started-at="2024-02-12T15:40:42 IST" name="closeBrowser" finished-at="2024-02-12T15:40:42 IST" duration-ms="150" status="PASS">
          <reporter-output>
            <line>
              <![CDATA[Close the Browser]]>
            </line>
          </reporter-output>
        </test-method> <!-- closeBrowser -->
        <test-method is-config="true" signature="disconnectToDatabase()[pri:0, instance:TestScript.Sample4Test@7f485fda]" started-at="2024-02-12T15:40:42 IST" name="disconnectToDatabase" finished-at="2024-02-12T15:40:42 IST" duration-ms="1" status="PASS">
          <reporter-output>
            <line>
              <![CDATA[Disconnect the Database]]>
            </line>
          </reporter-output>
        </test-method> <!-- disconnectToDatabase -->
        <test-method is-config="true" signature="disconnectToServer()[pri:0, instance:TestScript.Sample4Test@7f485fda]" started-at="2024-02-12T15:40:42 IST" name="disconnectToServer" finished-at="2024-02-12T15:40:42 IST" duration-ms="1" status="PASS">
          <reporter-output>
            <line>
              <![CDATA[Disconnect the Server]]>
            </line>
          </reporter-output>
        </test-method> <!-- disconnectToServer -->
      </class> <!-- TestScript.Sample4Test -->
    </test> <!-- Default test -->
  </suite> <!-- Default suite -->
</testng-results>
